<?xml version="1.0" encoding="UTF-8"?>
<!-- Generated by org.testng.reporters.JUnitReportReporter -->
<testsuite hostname="DESKTOP-LVD2I8A" failures="0" tests="10" name="Task.Class_1$Invoaction_Count_Key" time="0.023" errors="0" timestamp="2024-09-02T21:00:24 IST" skipped="0">
  <testcase classname="Task.Class_1$Invoaction_Count_Key" name="TC1" time="0.011"/>
  <system-out>
    <![CDATA[running tc1]]>
  </system-out>
  <testcase classname="Task.Class_1$Invoaction_Count_Key" name="TC1" time="0.002"/>
  <system-out>
    <![CDATA[running tc1]]>
  </system-out>
  <testcase classname="Task.Class_1$Invoaction_Count_Key" name="TC1" time="0.001"/>
  <system-out>
    <![CDATA[running tc1]]>
  </system-out>
  <testcase classname="Task.Class_1$Invoaction_Count_Key" name="TC1" time="0.001"/>
  <system-out>
    <![CDATA[running tc1]]>
  </system-out>
  <testcase classname="Task.Class_1$Invoaction_Count_Key" name="TC1" time="0.002"/>
  <system-out>
    <![CDATA[running tc1]]>
  </system-out>
  <testcase classname="Task.Class_1$Invoaction_Count_Key" name="TC1" time="0.001"/>
  <system-out>
    <![CDATA[running tc1]]>
  </system-out>
  <testcase classname="Task.Class_1$Invoaction_Count_Key" name="TC1" time="0.001"/>
  <system-out>
    <![CDATA[running tc1]]>
  </system-out>
  <testcase classname="Task.Class_1$Invoaction_Count_Key" name="TC1" time="0.002"/>
  <system-out>
    <![CDATA[running tc1]]>
  </system-out>
  <testcase classname="Task.Class_1$Invoaction_Count_Key" name="TC1" time="0.001"/>
  <system-out>
    <![CDATA[running tc1]]>
  </system-out>
  <testcase classname="Task.Class_1$Invoaction_Count_Key" name="TC1" time="0.001"/>
  <system-out>
    <![CDATA[running tc1]]>
  </system-out>
</testsuite> <!-- Task.Class_1$Invoaction_Count_Key -->
